\BOOKMARK [1][-]{section.1}{Research and Review}{}% 1
\BOOKMARK [2][-]{subsection.1.1}{Gathering User Requirements}{section.1}% 2
\BOOKMARK [3][-]{subsubsection.1.1.1}{Background}{subsection.1.1}% 3
\BOOKMARK [3][-]{subsubsection.1.1.2}{Requirements Capture}{subsection.1.1}% 4
\BOOKMARK [2][-]{subsection.1.2}{Results}{section.1}% 5
\BOOKMARK [2][-]{subsection.1.3}{Similar Systems}{section.1}% 6
\BOOKMARK [3][-]{subsubsection.1.3.1}{COL Reminder}{subsection.1.3}% 7
\BOOKMARK [3][-]{subsubsection.1.3.2}{Spoty Lite Location Reminder}{subsection.1.3}% 8
\BOOKMARK [1][-]{section.2}{Design}{}% 9
\BOOKMARK [2][-]{subsection.2.1}{Core Functionality}{section.2}% 10
\BOOKMARK [2][-]{subsection.2.2}{Implementation Discussion}{section.2}% 11
\BOOKMARK [2][-]{subsection.2.3}{Designing the User Interface}{section.2}% 12
\BOOKMARK [3][-]{subsubsection.2.3.1}{Goals}{subsection.2.3}% 13
\BOOKMARK [3][-]{subsubsection.2.3.2}{Reminders}{subsection.2.3}% 14
\BOOKMARK [1][-]{section.3}{Evaluation}{}% 15
\BOOKMARK [2][-]{subsection.3.1}{Acceptence Testing}{section.3}% 16
\BOOKMARK [2][-]{subsection.3.2}{User Testing}{section.3}% 17
\BOOKMARK [1][-]{section.4}{Shortcomings}{}% 18
\BOOKMARK [1][-]{section.5}{Further Work}{}% 19
\BOOKMARK [1][-]{section.6}{Refs}{}% 20
